<?xml version="1.0" encoding="UTF-8"?>
<!-- Generated by org.testng.reporters.JUnitReportReporter -->
<testsuite hostname="Sumanth-Sheregar" failures="0" tests="1" name="test.day2" time="0.002" errors="0" timestamp="2024-05-22T19:21:08 IST" skipped="0">
  <testcase classname="test.day2" name="loan" time="0.002"/>
  <system-out/>
</testsuite> <!-- test.day2 -->
