<?xml version="1.0" encoding="UTF-8"?>
<!-- Generated by org.testng.reporters.JUnitReportReporter -->
<testsuite hostname="Sumanth-Sheregar" failures="0" tests="5" name="test.day3" time="0.032" errors="0" timestamp="2024-05-23T20:45:39 IST" skipped="0">
  <testcase classname="test.day3" name="weblogincarloan" time="0.003"/>
  <system-out/>
  <testcase classname="test.day3" name="mobilelogincar" time="0.010"/>
  <system-out/>
  <testcase classname="test.day3" name="sri" time="0.003"/>
  <system-out/>
  <testcase classname="test.day3" name="loginapicarlaon" time="0.014"/>
  <system-out/>
  <testcase classname="test.day3" name="mobileshop" time="0.002"/>
  <system-out/>
</testsuite> <!-- test.day3 -->
