<?xml version="1.0" encoding="UTF-8"?>
<!-- Generated by org.testng.reporters.JUnitReportReporter -->
<testsuite hostname="Sumanth-Sheregar" failures="0" tests="1" name="test.day1" time="0.020" errors="0" timestamp="2024-05-22T19:21:08 IST" skipped="0">
  <testcase classname="test.day1" name="demo" time="0.020"/>
  <system-out/>
</testsuite> <!-- test.day1 -->
