<?xml version="1.0" encoding="UTF-8"?>
<!-- Generated by org.testng.reporters.JUnitReportReporter -->
<testsuite hostname="Sumanth-Sheregar" failures="0" tests="3" name="test.day4" time="0.006" errors="0" timestamp="2024-05-23T20:45:39 IST" skipped="0">
  <testcase classname="test.day4" name="webloginhomeloan" time="0.002"/>
  <system-out/>
  <testcase classname="test.day4" name="loginapihomelaon" time="0.002"/>
  <system-out/>
  <testcase classname="test.day4" name="mobileloginhome" time="0.002"/>
  <system-out/>
</testsuite> <!-- test.day4 -->
